20:20:13 ParallelStrategy-4-worker-2 INFO [standard] Module DefaultLogActivator started.Time used 44 ms.
20:20:13 ParallelStrategy-4-worker-2 INFO [standard] Module ClassFactoryActivator starting...
20:20:13 ParallelStrategy-4-worker-2 INFO [standard] Module ClassFactoryActivator started.Time used 1 ms.
20:20:13 ParallelStrategy-4-worker-2 INFO [standard] Module SerializationActivator starting...
20:20:13 ParallelStrategy-4-worker-2 INFO [standard] Module SerializationActivator started.Time used 2 ms.
20:20:13 ParallelStrategy-4-worker-2 INFO [standard] Module JsonSerializationActivator starting...
20:20:13 ParallelStrategy-4-worker-2 INFO [standard] Module JsonSerializationActivator started.Time used 109 ms.
20:20:13 ParallelStrategy-4-worker-2 INFO [standard] Module WorkspaceActivator starting...
20:20:13 ParallelStrategy-4-worker-2 INFO [standard] Module WorkspaceRegister starting...
20:20:13 ParallelStrategy-4-worker-2 INFO [standard] Module WorkspaceRegister started.Time used 0 ms.
20:20:13 ParallelStrategy-4-worker-2 INFO [standard] Module WorkspaceActivator started.Time used 8 ms.
20:20:13 ParallelStrategy-4-worker-2 INFO [standard] Module XMLableActivator starting...
20:20:13 ParallelStrategy-4-worker-2 INFO [standard] Module XMLableActivator started.Time used 0 ms.
20:20:13 ParallelStrategy-4-worker-2 INFO [standard] Module VirtualActivator started.Time used 305 ms.
20:20:13 main INFO [standard] Module VirtualActivator started.Time used 331 ms.
20:20:13 main INFO [standard] Module VirtualActivator started.Time used 485 ms.
20:20:13 main INFO [standard] Module ServerWorkspaceProvider starting...
20:20:13 main INFO [standard] Module ServerWorkspaceProvider started.Time used 7 ms.
20:20:13 main INFO [standard] Module CoreActivator starting...
20:20:13 main INFO [standard] Module SecuritySeedsActivator starting...
20:20:13 main ERROR [standard] seed file: default_alpha doesn't exist or empty
20:20:13 main ERROR [standard] seed file: default_alpha doesn't exist or empty
20:20:13 main INFO [standard] Module SecuritySeedsActivator started.Time used 7 ms.
20:20:13 main INFO [standard] Module BaseDBActivator starting...
20:20:13 BaseDBActivator-5-worker-1 INFO [com.fr.third.alibaba.druid.pool.DruidDataSource] testOnBorrow is true, validationQuery not set
20:20:13 BaseDBActivator-5-worker-1 INFO [com.fr.third.alibaba.druid.pool.DruidDataSource] {dataSource-1} inited
20:20:14 main INFO [standard] Module BaseDBActivator started.Time used 1370 ms.
20:20:14 main INFO [standard] Module ConfigurationActivator starting...
20:20:15 main INFO [standard] cache invalidate com.fr.security.SecurityConfig
20:20:15 main INFO [standard] Module ConfigurationActivator started.Time used 456 ms.
20:20:15 main INFO [standard] Module VirtualActivator starting...
20:20:15 main INFO [standard] Module FineLoggerActivator starting...
20:20:15 main INFO [standard]  Module FineLoggerActivator started.Time used 6 ms.
20:20:15 main INFO [standard]  Module VirtualActivator started.Time used 7 ms.
20:20:15 main INFO [standard]  Module PluginActivator starting...
20:20:19 FinePluginController-6-worker-1 INFO [standard]  cache invalidate com.fr.io.base.ResourcePathConfig
20:20:19 FinePluginController-6-worker-1 INFO [standard]  cache invalidate com.fr.io.base.ResourcePathConfig
20:20:19 FinePluginController-6-worker-1 INFO [standard]  cache invalidate com.fr.cluster.engine.base.FineClusterConfig
20:20:19 FinePluginController-6-worker-1 INFO [standard]  cache invalidate com.fr.cluster.engine.base.FineClusterConfig
20:20:19 FinePluginController-6-worker-1 INFO [standard]  cache invalidate com.fr.cluster.engine.base.FineClusterConfig
20:20:19 FinePluginController-6-worker-1 INFO [standard]  cache invalidate com.fr.cluster.engine.base.FineClusterConfig
20:20:19 FinePluginController-6-worker-1 INFO [standard]  cache invalidate com.fr.cluster.engine.base.FineClusterConfig
20:20:19 FinePluginController-6-worker-1 INFO [standard]  cache invalidate com.fr.cluster.engine.base.FineClusterConfig
20:20:19 main INFO [standard]  Plugin engine is started.
20:20:19 main INFO [standard]  Module PluginDBActivator starting...
20:20:19 main INFO [standard]  Module PluginDBActivator started.Time used 8 ms.
20:20:19 main INFO [standard]  Module PluginInjectionFilterRegister starting...
20:20:19 main INFO [standard]  Module PluginInjectionFilterRegister started.Time used 0 ms.
20:20:19 main INFO [standard]  Module PluginActivator started.Time used 4299 ms.
20:20:19 main INFO [standard]  Module CoreActivator started.Time used 6147 ms.
20:20:19 main INFO [standard]  Module DatasourceActivator starting...
20:20:19 main INFO [standard]  Module DatasourceActivator started.Time used 0 ms.
20:20:19 main INFO [standard]  Module VirtualActivator starting...
20:20:19 main INFO [standard]  Module ChartBaseActivator starting...
20:20:19 main INFO [standard]  Module com.fr.chart.module.ChartModule is started.
20:20:19 main INFO [standard]  Module ChartBaseActivator started.Time used 103 ms.
20:20:19 main INFO [standard]  Module ReportBaseActivator starting...
20:20:19 main INFO [standard]  Module com.fr.form.module.FormModule is started.
20:20:19 main INFO [standard]  Module com.fr.page.module.PageModule is started.
20:20:19 main INFO [standard]  Module com.fr.view.module.ViewModule is started.
20:20:20 main INFO [standard]  Module com.fr.write.module.WriteModule is started.
20:20:20 main INFO [standard]  Module com.fr.report.enhancement.engine.write.module.WriteEnhanceModule is started.
20:20:20 main INFO [standard]  Module com.fr.report.module.EngineModule is started.
20:20:20 main INFO [standard]  Module VcsFolderManagerActivator starting...
20:20:20 main INFO [standard]  Module VcsFolderManagerActivator started.Time used 6 ms.
20:20:20 main INFO [standard]  Module ReportBaseActivator started.Time used 629 ms.
20:20:20 main INFO [standard]  Module RestrictionActivator starting...
20:20:20 main INFO [standard]  Module RestrictionActivator started.Time used 14 ms.
20:20:20 main INFO [standard]  Module FormBaseActivator starting...
20:20:20 main INFO [standard]  Module FormBaseActivator started.Time used 1 ms.
20:20:20 main INFO [standard]  Module VirtualActivator started.Time used 752 ms.
20:20:20 main INFO [standard]  Module ServerBasicActivator started.Time used 7406 ms.
20:20:20 main INFO [standard]  Module ServerActivator starting...
20:20:20 main INFO [standard]  Module VirtualActivator starting...
20:20:20 main INFO [standard]  Module ModuleHealActivator starting...
20:20:20 main INFO [standard]  Module ModuleHealActivator started.Time used 5 ms.
20:20:20 main INFO [standard]  Module BaseResourceActivator starting...
20:20:20 main INFO [standard]  Module BaseResourceActivator started.Time used 0 ms.
20:20:20 main INFO [standard]  Module StateServiceActivator starting...
20:20:20 main INFO [standard]  [StateService] Register memory component type:standalone.
20:20:20 main INFO [standard]  [StateService] Register memory component type:redis.
20:20:20 main INFO [standard]  [StateService] Register memory component type:redis_cluster.
20:20:20 main INFO [standard]  [StateService] state service refresh success
20:20:20 main INFO [standard]  [StateService] StateHubManager reset
20:20:20 main INFO [standard]  [StateService] FineCollectionClient before changing env.
20:20:20 main INFO [standard]  [StateService] FineCollectionClient start update collection objects.
20:20:20 main INFO [standard]  [StateService] FineCollectionClient finish update collection objects, spend 1 ms
20:20:20 main INFO [standard]  [StateService] FineCollectionClient after changing env.
20:20:20 main INFO [standard]  cache invalidate com.fr.store.StateServerPluginConfig
20:20:20 main INFO [standard]  start loop detector: STATE_SERVICE_MODULE
20:20:20 main INFO [standard]  Module StateServiceActivator started.Time used 77 ms.
20:20:20 main INFO [standard]  Module ClusterModule starting...
20:20:20 main INFO [standard]  Module ClusterPrepare starting...
20:20:20 main INFO [standard]  Module VirtualActivator starting...
20:20:20 main INFO [standard]  Module VirtualActivator started.Time used 0 ms.
20:20:20 main INFO [standard]  Module ClusterPrepare started.Time used 1 ms.
20:20:20 main INFO [standard]  Module StandaloneModeActivator starting...
20:20:20 main INFO [standard]  提示代码：12400001 使用wmic csproduct list full获取机器信息来验证是否注册
20:20:20 main INFO [standard]  Module StandaloneModeActivator started.Time used 122 ms.
20:20:20 main INFO [standard]  Module ClusterModule started.Time used 125 ms.
20:20:20 main INFO [standard]  Module JGroupsClusterCacheActivator starting...
20:20:20 main INFO [standard]  [Cluster] MachineMarker config node id is null. Start to random UUID!
20:20:20 main INFO [standard]  [Cluster] MachineMarker get node id eef5b38b-2ab8-f680-fa7e-1fc39f0a0c7e
20:20:20 main INFO [standard]  [Cluster] MachineMarker create backup node id 701897fd-a6a0-5366-c26f-53417592c582
20:20:20 main INFO [standard]  Module JGroupsClusterCacheActivator started.Time used 101 ms.
20:20:20 main INFO [standard]  Module ConfigRpcActivator starting...
20:20:20 main INFO [standard]  Module ConfigRpcActivator started.Time used 0 ms.
20:20:20 main INFO [standard]  Module ResourceRepositoryActivator starting...
20:20:20 main INFO [standard]  [Resource] Init resource repository backup strategy WARN_ONLY.
20:20:20 main INFO [standard]  [Resource] Repository factory: FileSystem is added!
20:20:20 main INFO [standard]  [Resource] Repository factory: FTP is added!
20:20:20 main INFO [standard]  cache invalidate com.fr.io.config.ResourceModuleConfig
20:20:20 main INFO [standard]  cache invalidate com.fr.io.config.ResourceModuleConfig
20:20:20 main INFO [standard]  [Resource] Repository switch from  to LOCAL_ENV success!
20:20:20 main INFO [standard]  cache invalidate com.fr.io.config.ResourceModuleConfig
20:20:20 main INFO [standard]  cache invalidate com.fr.io.base.ResourcePathConfig
20:20:20 main INFO [standard]  cache invalidate com.fr.io.base.ResourcePathConfig
20:20:20 main INFO [standard]  cache invalidate com.fr.io.base.ResourcePathConfig
20:20:20 main INFO [standard]  cache invalidate com.fr.io.base.ResourcePathConfig
20:20:20 main INFO [standard]  cache invalidate com.fr.io.base.ResourcePathConfig
20:20:20 main INFO [standard]  cache invalidate com.fr.io.base.ResourcePathConfig
20:20:20 main INFO [standard]  [Resource] Resource module is started!
20:20:20 main INFO [standard]  Module ResourceSyncActivator starting...
20:20:20 main INFO [standard]  Module ResourceSyncActivator started.Time used 11 ms.
20:20:20 main INFO [standard]  Module ResourceRepositoryActivator started.Time used 83 ms.
20:20:20 main INFO [standard]  Module LicenseActivator starting...
20:20:20 main INFO [standard]  Plugin engine is stopped.
20:20:20 CloudCenter-7-worker-1 INFO [standard]  Load cloud config spend time 1655 ms
20:20:23 FinePluginController-6-worker-1 INFO [standard]  cache invalidate com.fr.io.base.ResourcePathConfig
20:20:23 main INFO [standard]  Plugin engine is started.
20:20:23 main INFO [standard]  Module LicenseActivator started.Time used 2979 ms.
20:20:23 main INFO [standard]  Module SchedulerActivator starting...
20:20:23 main INFO [standard]  DialectProvider:com.fr.data.core.db.dialect.DialectProviderImpl registered
20:20:23 main INFO [standard]  This quartz is in standalone mode.
20:20:23 main INFO [com.fr.third.alibaba.druid.pool.DruidDataSource]  testOnBorrow is true, testWhileIdle is true, validationQuery not set
20:20:23 main INFO [com.fr.third.alibaba.druid.pool.DruidDataSource]  {dataSource-2} inited
20:20:23 main INFO [standard]  Scheduler has been started.
20:20:23 main INFO [standard]  Job CloudAnalyticsCollector.authorityAssign removed.
20:20:23 main INFO [standard]  Job CloudAnalyticsCollector.confEntity removed.
20:20:23 main INFO [standard]  Job CloudAnalyticsCollector.containerMessage removed.
20:20:23 main INFO [standard]  Job CloudAnalyticsCollector.customerMessage removed.
20:20:23 main INFO [standard]  Job CloudAnalyticsCollector.dataSetUsage removed.
20:20:23 main INFO [standard]  Job CloudAnalyticsCollector.functionPossess removed.
20:20:23 main INFO [standard]  Job CloudAnalyticsCollector.pluginUsage removed.
20:20:23 main INFO [standard]  Job CloudAnalyticsCollector.realTime removed.
20:20:23 main INFO [standard]  Job CloudAnalyticsCollector.userManagement removed.
20:20:23 main INFO [standard]  Job CloudAnalyticsCollector.clusterConf removed.
20:20:23 main INFO [standard]  Job CloudAnalyticsCollector.connection removed.
20:20:23 main INFO [standard]  Job CloudAnalyticsCollector.directoryUsage removed.
20:20:23 main INFO [standard]  Job CloudAnalyticsCollector.scheduleUsage removed.
20:20:23 main INFO [standard]  Job CloudAnalyticsCollector.tplInfo removed.
20:20:23 main INFO [standard]  Job CloudAnalyticsCollector.workflowUsage removed.
20:20:23 main INFO [standard]  Job CloudAnalyticsCollector.sqlFrequency removed.
20:20:23 main INFO [standard]  Job CloudAnalytics.treasureClean removed.
20:20:23 main INFO [standard]  Job CloudAnalytics.treasureExport removed.
20:20:23 main INFO [standard]  Job CloudAnalytics.treasureUpload removed.
20:20:23 main INFO [standard]  Job CloudAnalytics.treasureUploadCheck removed.
20:20:23 main INFO [standard]  Job CloudAnalytics.systemRemind removed.
20:20:23 main INFO [standard]  Job CloudAnalytics.pluginDetect removed.
20:20:23 main INFO [standard]  Job SolidAnalytics.solidExport removed.
20:20:23 main INFO [standard]  Job SolidAnalytics.solidExportCheck removed.
20:20:23 main INFO [standard]  ADD JOB: treasureClean
20:20:23 main INFO [standard]  ADD JOB: treasureExport
20:20:23 main INFO [standard]  ADD JOB: treasureUpload
20:20:23 main INFO [standard]  ADD JOB: treasureUploadCheck
20:20:23 main INFO [standard]  ADD JOB: systemRemind
20:20:23 main INFO [standard]  ADD JOB: pluginDetect
20:20:23 main INFO [standard]  ADD JOB: solidExport
20:20:23 main INFO [standard]  ADD JOB: solidExportCheck
20:20:23 main INFO [standard]  ADD JOB: authorityAssign
20:20:23 main INFO [standard]  ADD JOB: confEntity
20:20:23 main INFO [standard]  ADD JOB: containerMessage
20:20:23 main INFO [standard]  ADD JOB: customerMessage
20:20:23 main INFO [standard]  ADD JOB: dataSetUsage
20:20:23 main INFO [standard]  ADD JOB: functionPossess
20:20:23 main INFO [standard]  ADD JOB: pluginUsage
20:20:23 main INFO [standard]  ADD JOB: realTime
20:20:23 main INFO [standard]  ADD JOB: userManagement
20:20:23 main INFO [standard]  ADD JOB: clusterConf
20:20:23 main INFO [standard]  ADD JOB: connection
20:20:23 main INFO [standard]  ADD JOB: directoryUsage
20:20:23 main INFO [standard]  ADD JOB: scheduleUsage
20:20:23 main INFO [standard]  ADD JOB: tplInfo
20:20:23 main INFO [standard]  ADD JOB: workflowUsage
20:20:23 main INFO [standard]  ADD JOB: sqlFrequency
20:20:23 main INFO [standard]  Job GROUP_GENERATE.NAME_GENERATE removed.
20:20:23 main INFO [standard]  ADD JOB: NAME_GENERATE
20:20:23 main INFO [standard]  Job CloudAnalytics.treasureClean removed.
20:20:23 main INFO [standard]  ADD JOB: treasureClean
20:20:23 main INFO [standard]  Job CloudAnalytics.treasureExport removed.
20:20:23 main INFO [standard]  ADD JOB: treasureExport
20:20:23 main INFO [standard]  Job CloudAnalytics.treasureUpload removed.
20:20:23 main INFO [standard]  ADD JOB: treasureUpload
20:20:23 main INFO [standard]  Job CloudAnalytics.treasureUploadCheck removed.
20:20:23 main INFO [standard]  ADD JOB: treasureUploadCheck
20:20:23 main INFO [standard]  Job CloudAnalytics.systemRemind removed.
20:20:23 main INFO [standard]  ADD JOB: systemRemind
20:20:23 main INFO [standard]  Job CloudAnalytics.pluginDetect removed.
20:20:23 main INFO [standard]  ADD JOB: pluginDetect
20:20:23 main INFO [standard]  Job SolidAnalytics.solidExport removed.
20:20:23 main INFO [standard]  ADD JOB: solidExport
20:20:23 main INFO [standard]  Job SolidAnalytics.solidExportCheck removed.
20:20:23 main INFO [standard]  ADD JOB: solidExportCheck
20:20:23 main INFO [standard]  Job CloudAnalyticsCollector.authorityAssign removed.
20:20:23 main INFO [standard]  ADD JOB: authorityAssign
20:20:23 main INFO [standard]  Job CloudAnalyticsCollector.confEntity removed.
20:20:23 main INFO [standard]  ADD JOB: confEntity
20:20:23 main INFO [standard]  Job CloudAnalyticsCollector.containerMessage removed.
20:20:23 main INFO [standard]  ADD JOB: containerMessage
20:20:23 main INFO [standard]  Job CloudAnalyticsCollector.customerMessage removed.
20:20:23 main INFO [standard]  ADD JOB: customerMessage
20:20:23 main INFO [standard]  Job CloudAnalyticsCollector.dataSetUsage removed.
20:20:23 main INFO [standard]  ADD JOB: dataSetUsage
20:20:23 main INFO [standard]  Job CloudAnalyticsCollector.functionPossess removed.
20:20:23 main INFO [standard]  ADD JOB: functionPossess
20:20:23 main INFO [standard]  Job CloudAnalyticsCollector.pluginUsage removed.
20:20:23 main INFO [standard]  ADD JOB: pluginUsage
20:20:23 main INFO [standard]  Job CloudAnalyticsCollector.realTime removed.
20:20:23 main INFO [standard]  ADD JOB: realTime
20:20:23 main INFO [standard]  Job CloudAnalyticsCollector.userManagement removed.
20:20:23 main INFO [standard]  ADD JOB: userManagement
20:20:24 main INFO [standard]  Job CloudAnalyticsCollector.clusterConf removed.
20:20:24 main INFO [standard]  ADD JOB: clusterConf
20:20:24 main INFO [standard]  Job CloudAnalyticsCollector.connection removed.
20:20:24 main INFO [standard]  ADD JOB: connection
20:20:24 main INFO [standard]  Job CloudAnalyticsCollector.directoryUsage removed.
20:20:24 main INFO [standard]  ADD JOB: directoryUsage
20:20:24 main INFO [standard]  Job CloudAnalyticsCollector.scheduleUsage removed.
20:20:24 main INFO [standard]  ADD JOB: scheduleUsage
20:20:24 main INFO [standard]  Job CloudAnalyticsCollector.tplInfo removed.
20:20:24 main INFO [standard]  ADD JOB: tplInfo
20:20:24 main INFO [standard]  Job CloudAnalyticsCollector.workflowUsage removed.
20:20:24 main INFO [standard]  ADD JOB: workflowUsage
20:20:24 main INFO [standard]  Job CloudAnalyticsCollector.sqlFrequency removed.
20:20:24 main INFO [standard]  ADD JOB: sqlFrequency
20:20:24 main INFO [standard]  Scheduler has been started...
20:20:24 main INFO [standard]  Module SchedulerActivator started.Time used 463 ms.
20:20:24 main INFO [standard]  Module ResourceUpdateActivator starting...
20:20:24 main INFO [standard]  Module ResourceUpdateActivator started.Time used 50 ms.
20:20:24 main INFO [standard]  Module AttachmentActivator starting...
20:20:24 main INFO [standard]  Module AttachmentActivator started.Time used 6 ms.
20:20:24 main INFO [standard]  Module ClusterAssistActivator starting...
20:20:24 main INFO [standard]  Job health.redisNodeLeft removed.
20:20:24 main INFO [standard]  ADD JOB: redisNodeLeft
20:20:24 main INFO [standard]  Job health.fileServerCrash removed.
20:20:24 main INFO [standard]  ADD JOB: fileServerCrash
20:20:24 main INFO [standard]  Module ClusterAssistActivator started.Time used 13 ms.
20:20:24 main INFO [standard]  Module DataActivator starting...
20:20:24 main INFO [standard]  Module DataActivator started.Time used 0 ms.
20:20:24 main INFO [standard]  Module VirtualActivator starting...
20:20:24 main INFO [standard]  Module IntelligenceActivator starting...
20:20:24 main INFO [standard]  Module IntelligenceActivator started.Time used 1 ms.
20:20:24 main INFO [standard]  Module RecordErrorLogAppenderActivator starting...
20:20:24 main INFO [standard]  Module RecordErrorLogAppenderActivator started.Time used 11 ms.
20:20:24 main INFO [standard]  Module CloudAnalysisActivator starting...
20:20:24 main INFO [standard]  Job GROUP_CONNECTION.NAME_CONNECTION removed.
20:20:24 main INFO [standard]  ADD JOB: NAME_CONNECTION
20:20:24 main INFO [standard]  Module CloudAnalysisActivator started.Time used 6 ms.
20:20:24 main INFO [standard]  Module LogCacheRecoveryActivator starting...
20:20:24 main INFO [standard]  Module LogCacheRecoveryActivator started.Time used 0 ms.
20:20:24 main INFO [standard]  Module VirtualActivator started.Time used 22 ms.
20:20:24 main INFO [standard]  Module AtomActivator starting...
20:20:24 main INFO [standard]  Module AtomActivator started.Time used 0 ms.
20:20:24 main INFO [standard]  Module ServerWorkspaceRegister starting...
20:20:24 main INFO [standard]  Module ServerWorkspaceRegister started.Time used 1 ms.
20:20:24 main INFO [standard]  Module VirtualActivator started.Time used 3939 ms.
20:20:24 main INFO [standard]  Module DecisionActivator starting...
20:20:24 main INFO [standard]  register cache: com.fr.decision.webservice.v10.entry.cache.EntryTreeCache
20:20:24 main INFO [standard]  register cache: com.fr.decision.webservice.v10.entry.cache.EntryTreeNodeCache
20:20:24 main INFO [standard]  register cache: com.fr.decision.webservice.v10.entry.cache.HomePageCache
20:20:24 main INFO [standard]  register cache: com.fr.decision.webservice.v10.entry.cache.HomePageNodeCache
20:20:24 main INFO [standard]  register cache: com.fr.decision.webservice.v10.international.cache.InternationalCache
20:20:24 main INFO [standard]  Module DecisionServletInitializer starting...
20:20:24 main INFO [standard]  Server started with build: Build#persist-2021.03.16.15.39.45.806
20:20:24 main INFO [standard]  Module DecisionServletInitializer started.Time used 28 ms.
20:20:24 main INFO [standard]  Module DecisionDBActivator starting...
20:20:24 main INFO [standard]  Empty ehcache.db.properties found, use default.
20:20:24 main INFO [com.fr.third.alibaba.druid.pool.DruidDataSource]  testOnBorrow is true, validationQuery not set
20:20:24 main INFO [com.fr.third.alibaba.druid.pool.DruidDataSource]  {dataSource-3} inited
20:20:24 main INFO [standard]  Using cache: com.fr.third.org.hibernate.cache.spi.UpdateTimestampsCache.
20:20:24 main INFO [standard]  Using cache: com.fr.third.org.hibernate.cache.internal.StandardQueryCache.
20:20:24 main INFO [standard]  Using cache: com.fr.report.entity.OffsetIPRelativeEntity.
20:20:24 main INFO [standard]  Using cache: com.fr.decision.authority.entity.SoftDataEntity.
20:20:24 main INFO [standard]  Using cache: com.fr.schedule.base.entity.ScheduleResultParamEntity.
20:20:24 main INFO [standard]  Using cache: com.fr.decision.system.entity.message.SystemMessageEntity.
20:20:24 main INFO [standard]  Using cache: com.fr.decision.authority.entity.AuthorityObjectEntity.
20:20:24 main INFO [standard]  Using cache: com.fr.decision.system.entity.InternationalEntity.
20:20:24 main INFO [standard]  Using cache: com.fr.decision.authority.entity.HomePageExpandAuthorityObjectEntity.
20:20:24 main INFO [standard]  Using cache: com.fr.decision.workflow.bean.entity.WorkflowStashEntity.
20:20:24 main INFO [standard]  Using cache: com.fr.schedule.base.entity.output.BaseOutputActionEntity.
20:20:24 main INFO [standard]  Using cache: com.fr.schedule.base.entity.output.OutputSFtpEntity.
20:20:24 main INFO [standard]  Using cache: com.fr.decision.workflow.bean.entity.WorkflowTaskEntity.
20:20:24 main INFO [standard]  Using cache: com.fr.decision.authority.entity.AuthorityEntity.
20:20:24 main INFO [standard]  Using cache: com.fr.decision.authority.entity.DepartmentEntity.
20:20:24 main INFO [standard]  Using cache: com.fr.schedule.base.entity.output.OutputPrintEntity.
20:20:24 main INFO [standard]  Using cache: com.fr.schedule.base.entity.output.OutputMountEntity.
20:20:24 main INFO [standard]  Using cache: com.fr.schedule.base.entity.ScheduleTaskEntity.
20:20:24 main INFO [standard]  Using cache: com.fr.schedule.base.entity.output.OutputClassEntity.
20:20:24 main INFO [standard]  Using cache: com.fr.decision.workflow.bean.entity.WorkflowTaskImplEntity.
20:20:24 main INFO [standard]  Using cache: com.fr.schedule.base.entity.output.OutputClientNotificationEntity.
20:20:24 main INFO [standard]  Using cache: com.fr.decision.label.entity.LabelIndexEntity.
20:20:24 main INFO [standard]  Using cache: com.fr.decision.system.entity.message.MobileMessageEntity.
20:20:24 main INFO [standard]  Using cache: com.fr.decision.authority.entity.PostEntity.
20:20:24 main INFO [standard]  Using cache: com.fr.decision.mobile.entity.MobileDeviceEntity.
20:20:24 main INFO [standard]  Using cache: com.fr.decision.system.entity.BackupNodeEntity.
20:20:24 main INFO [standard]  Using cache: com.fr.decision.workflow.bean.WorkflowNode.
20:20:24 main INFO [standard]  Using cache: com.fr.schedule.base.entity.output.OutputFtpEntity.
20:20:24 main INFO [standard]  Using cache: com.fr.schedule.base.entity.output.OutputPlatformMSGEntity.
20:20:24 main INFO [standard]  Using cache: com.fr.decision.authority.controller.provider.expander.entity.ProcessExpandAuthorityObjectEntity.
20:20:24 main INFO [standard]  Using cache: com.fr.decision.system.entity.message.ProcessMessageEntity.
20:20:24 main INFO [standard]  Using cache: com.fr.decision.workflow.bean.WorkflowLog.
20:20:24 main INFO [standard]  Using cache: com.fr.decision.authority.entity.DepRoleEntity.
20:20:24 main INFO [standard]  Using cache: com.fr.report.entity.RemoteDesignAuthorityEntity.
20:20:24 main INFO [standard]  Using cache: com.fr.decision.system.entity.LoginDetailInfoEntity.
20:20:24 main INFO [standard]  Using cache: com.fr.schedule.base.entity.ScheduleRecordEntity.
20:20:24 main INFO [standard]  Using cache: com.fr.report.entity.ParamsTemplateEntity.
20:20:24 main INFO [standard]  Using cache: com.fr.decision.system.entity.FavoriteEntryEntity.
20:20:24 main INFO [standard]  Using cache: com.fr.report.entity.PrintOffsetEntity.
20:20:24 main INFO [standard]  Using cache: com.fr.decision.authority.entity.CustomRoleEntity.
20:20:24 main INFO [standard]  Using cache: com.fr.decision.system.entity.LoginLockEntity.
20:20:24 main INFO [standard]  Using cache: com.fr.schedule.base.entity.ScheduleOutputEntity.
20:20:24 main INFO [standard]  Using cache: com.fr.decision.workflow.bean.entity.WorkflowEntity.
20:20:24 main INFO [standard]  Using cache: com.fr.decision.authority.entity.ExtraPropertyEntity.
20:20:24 main INFO [standard]  Using cache: com.fr.decision.authority.entity.UserRoleMiddleEntity.
20:20:24 main INFO [standard]  Using cache: com.fr.report.write.entity.WriteStashEntity.
20:20:24 main INFO [standard]  Using cache: com.fr.decision.system.entity.message.MessageEntity.
20:20:24 main INFO [standard]  Using cache: com.fr.schedule.base.entity.output.OutputEmailEntity.
20:20:24 main INFO [standard]  Using cache: com.fr.decision.authority.controller.provider.expander.entity.ReportExpandAuthorityObjectEntity.
20:20:24 main INFO [standard]  Using cache: com.fr.schedule.base.entity.output.OutputSMSEntity.
20:20:24 main INFO [standard]  Using cache: com.fr.decision.security.entity.BlockIpEntity.
20:20:24 main INFO [standard]  Using cache: com.fr.decision.authority.entity.UserEntity.
20:20:24 main INFO [standard]  Using cache: com.fr.decision.label.entity.LabelEntity.
20:20:24 main INFO [standard]  Module DecisionDBActivator started.Time used 801 ms.
20:20:24 main INFO [standard]  Module AuthorityActivator starting...
20:20:25 main INFO [standard]  Authority refer initialize OK
20:20:25 AliasDataCheckerOperator-21-worker-1 INFO [standard]  generate alias over, use 26ms
20:20:25 main INFO [standard]  Module AuthorityActivator started.Time used 203 ms.
20:20:25 main INFO [standard]  Module UpdateHandlerActivator starting...
20:20:25 main INFO [standard]  Module UpdateHandlerActivator started.Time used 0 ms.
20:20:25 main INFO [standard]  Module WebServiceActivator starting...
20:20:25 main INFO [standard]  Current jvm vendor:Oracle Corporation
20:20:25 main INFO [standard]  GarbageCollection monitor: Register PS Scavenge for [PS Eden Space, PS Survivor Space].
20:20:25 main INFO [standard]  GarbageCollection monitor: Register PS MarkSweep for [PS Eden Space, PS Survivor Space, PS Old Gen].
20:20:25 main INFO [standard]  Gc notification monitor choose GcNotificationMonitor
20:20:25 main INFO [standard]  cache invalidate com.fr.decision.config.BackupConfig
20:20:25 main INFO [standard]  cache invalidate com.fr.decision.config.BackupConfig
20:20:25 main INFO [standard]  cache invalidate com.fr.decision.config.BackupConfig
20:20:25 main INFO [standard]  cache invalidate com.fr.decision.config.BackupConfig
20:20:25 main INFO [standard]  ADD JOB: REMOVE_TIMEOUT_SESSION
20:20:25 main INFO [standard]  Module URLAliasActivator starting...
20:20:25 main INFO [standard]  Module URLAliasActivator started.Time used 2 ms.
20:20:25 main INFO [standard]  Module RegisterServiceActivator starting...
20:20:25 main INFO [standard]  Module RegisterServiceActivator started.Time used 2 ms.
20:20:25 main INFO [standard]  Module SystemMonitorActivator starting...
20:20:25 main INFO [standard]  Module SystemMonitorActivator started.Time used 1 ms.
20:20:25 main INFO [standard]  Module BackupActivator starting...
20:20:25 main INFO [standard]  Module BackupActivator started.Time used 4 ms.
20:20:25 main INFO [standard]  Module PluginServiceActivator starting...
20:20:25 main INFO [standard]  Module PluginServiceActivator started.Time used 8 ms.
20:20:25 main INFO [standard]  Module PluginControllerActivator starting...
20:20:25 main INFO [standard]  Module PluginControllerActivator started.Time used 4 ms.
20:20:25 main INFO [standard]  Module DecisionUpdateActivator starting...
20:20:25 main INFO [standard]  cache invalidate com.fr.decision.config.PasswordStrategyConfig
20:20:25 main INFO [standard]  Module DecisionUpdateActivator started.Time used 48 ms.
20:20:25 main INFO [standard]  Module DecisionPointActivator starting...
20:20:25 main INFO [standard]  Module DecisionPointActivator started.Time used 0 ms.
20:20:25 main INFO [standard]  Module WebServiceActivator started.Time used 256 ms.
20:20:25 main INFO [standard]  Module GEOJSONActivator starting...
20:20:25 main INFO [standard]  Module GEOJSONActivator started.Time used 0 ms.
20:20:25 main INFO [standard]  Module DecisionMessageActivator starting...
20:20:25 main INFO [standard]  Module DecisionMessageActivator started.Time used 2 ms.
20:20:25 main INFO [standard]  Module ProfilerActivator starting...
20:20:25 main INFO [standard]  Module ProfilerActivator started.Time used 0 ms.
20:20:25 main INFO [standard]  Module MessageRecorderActivator starting...
20:20:25 main INFO [standard]  Module MessageRecorderActivator started.Time used 4 ms.
20:20:25 main INFO [standard]  Module DecisionActivator started.Time used 1335 ms.
20:20:25 main INFO [standard]  Module WebSocketActivator starting...
20:20:26 nioEventLoopGroup-2-1 INFO [standard]  WebSocket server started at port:38888
20:20:26 main INFO [standard]  Module WebSocketActivator started.Time used 572 ms.
20:20:26 main INFO [standard]  Module VirtualActivator starting...
20:20:26 main INFO [standard]  Module WorkspaceServerActivator starting...
20:20:26 main INFO [standard]  Module WorkspaceServerActivator started.Time used 2 ms.
20:20:26 main INFO [standard]  Module ServerWorkspaceRegister starting...
20:20:26 main INFO [standard]  Module ServerWorkspaceRegister started.Time used 0 ms.
20:20:26 main INFO [standard]  Module SocketLogAppenderActivator starting...
20:20:26 main INFO [standard]  Module SocketLogAppenderActivator started.Time used 2 ms.
20:20:26 main INFO [standard]  Module ConfigSocketActivator starting...
20:20:26 main INFO [standard]  Module ConfigSocketActivator started.Time used 0 ms.
20:20:26 main INFO [standard]  Module VirtualActivator started.Time used 15 ms.
20:20:26 main INFO [standard]  Module ScheduleActivator starting...
20:20:26 main INFO [standard]  Module ScheduleActivator started.Time used 39 ms.
20:20:26 main INFO [standard]  Module ReportActivator starting...
20:20:26 main INFO [standard]  Module WriteActivator starting...
20:20:26 main INFO [standard]  Module WriteActivator started.Time used 16 ms.
20:20:26 main INFO [standard]  Module ReportAnalysisActivator starting...
20:20:26 main INFO [standard]  Module ReportAnalysisActivator started.Time used 1 ms.
20:20:26 main INFO [standard]  Module VcsFolderManagerActivator starting...
20:20:26 main INFO [standard]  Module VcsFolderManagerActivator started.Time used 1 ms.
20:20:26 main INFO [standard]  Module ReportActivator started.Time used 50 ms.
20:20:26 main INFO [standard]  Module DecisionActivator starting...
20:20:26 main INFO [standard]  cache invalidate com.fr.decision.config.BackupConfig
20:20:26 main INFO [standard]  Job updatePushGroup.updatePushTask removed.
20:20:26 main INFO [standard]  ADD JOB: updatePushTask
20:20:26 main INFO [standard]  Module WorkflowActivator starting...
20:20:26 main INFO [standard]  Module WorkflowActivator started.Time used 48 ms.
20:20:26 main INFO [standard]  Module DecisionActivator started.Time used 95 ms.
20:20:26 main INFO [standard]  Module ScheduleActivator starting...
20:20:26 main INFO [standard]  Module ScheduleActivator started.Time used 33 ms.
20:20:26 main INFO [standard]  Module CompatibleFSServiceActivator starting...
20:20:26 main INFO [standard]  Module CompatibleFSServiceActivator started.Time used 0 ms.
20:20:26 main INFO [standard]  Module VirtualActivator starting...
20:20:26 main INFO [standard]  Module VirtualActivator started.Time used 0 ms.
20:20:26 main INFO [standard]  Module VirtualActivator starting...
20:20:26 main INFO [standard]  Module VirtualActivator started.Time used 0 ms.
20:20:26 main INFO [standard]  Module VirtualActivator starting...
20:20:26 main INFO [standard]  Module VirtualActivator started.Time used 0 ms.
20:20:26 main INFO [standard]  Module ServerActivator started.Time used 6095 ms.
20:20:26 main INFO [standard]  Module VirtualActivator started.Time used 13504 ms.
20:20:26 InsertMissGcRecord-29-worker-1 INFO [standard]  , server was not running that day.
20:21:24 http-nio-8088-exec-7 WARN [standard]  JWT signature does not match locally computed signature. JWT validity cannot be asserted and should not be trusted.
